<?xml version="1.0" encoding="utf-8"?><testsuites><testsuite name="pytest" errors="0" failures="0" skipped="0" tests="5" time="95.369" timestamp="2024-11-04T16:20:15.053847+00:00" hostname="biobb-runners"><testcase classname="biobb_mem.test.unitests.test_ambertools.test_cpptraj_density.TestCpptrajDensityDefault" name="test_cpptraj_density" time="0.193" /><testcase classname="biobb_mem.test.unitests.test_ambertools.test_cpptraj_density.TestCpptrajDensityMask" name="test_cpptraj_density" time="0.166" /><testcase classname="biobb_mem.test.unitests.test_ambertools.test_cpptraj_density.TestCpptrajDensityComplex" name="test_cpptraj_density" time="0.160" /><testcase classname="biobb_mem.test.unitests.test_chap.test_chap_run.TestChapDefault" name="test_chap_default" time="92.448" /><testcase classname="biobb_mem.test.unitests.test_lipyphilicBB.test_lipyphilicBB.TestLipyphilicDefault" name="test_lipyphilic_default" time="0.840" /></testsuite></testsuites>