<?xml version="1.0" encoding="utf-8"?><testsuites><testsuite name="pytest" errors="0" failures="0" skipped="0" tests="10" time="21.447" timestamp="2025-02-07T16:31:05.992656+00:00" hostname="biobb-runners"><testcase classname="biobb_mem.test.unitests.test_ambertools.test_cpptraj_density.TestCpptrajDensityDefault" name="test_cpptraj_density" time="0.207" /><testcase classname="biobb_mem.test.unitests.test_ambertools.test_cpptraj_density.TestCpptrajDensityMask" name="test_cpptraj_density" time="0.183" /><testcase classname="biobb_mem.test.unitests.test_ambertools.test_cpptraj_density.TestCpptrajDensityComplex" name="test_cpptraj_density" time="0.173" /><testcase classname="biobb_mem.test.unitests.test_fatslim.test_fatslim_apl.TestFatslimAPLcDefault" name="test_fatslim_apl" time="7.837" /><testcase classname="biobb_mem.test.unitests.test_fatslim.test_fatslim_membranes.TestFatslimMembranescDefault" name="test_fatslim_membranes" time="1.744" /><testcase classname="biobb_mem.test.unitests.test_gromacs.test_gmx_order.TestGMXOrder" name="test_gmx_order" time="0.178" /><testcase classname="biobb_mem.test.unitests.test_lipyphilic_biobb.test_lpp_assign_leaflets.TestLipyphilicLeafletsDefault" name="test_lipyphilic_leaflets_default" time="0.603" /><testcase classname="biobb_mem.test.unitests.test_lipyphilic_biobb.test_lpp_flip_flop.TestLipyphilicLeafletsDefault" name="test_lipyphilic_leaflets_default" time="0.575" /><testcase classname="biobb_mem.test.unitests.test_lipyphilic_biobb.test_lpp_zpositions.TestLipyphilicPositionsDefault" name="test_lipyphilic_positons_default" time="0.588" /><testcase classname="biobb_mem.test.unitests.test_mdanalysis_biobb.test_mdanalays_biobb.TestMDAHole" name="test_mda_hole_default" time="5.981" /></testsuite></testsuites>