<?xml version="1.0" encoding="utf-8"?><testsuites name="pytest tests"><testsuite name="pytest" errors="0" failures="0" skipped="0" tests="10" time="42.423" timestamp="2025-06-25T09:44:38.689407+00:00" hostname="github-actions.vm.mmb.pcb.ub.es"><testcase classname="biobb_mem.test.unitests.test_ambertools.test_cpptraj_density.TestCpptrajDensityDefault" name="test_cpptraj_density" time="0.376" /><testcase classname="biobb_mem.test.unitests.test_ambertools.test_cpptraj_density.TestCpptrajDensityMask" name="test_cpptraj_density" time="0.351" /><testcase classname="biobb_mem.test.unitests.test_ambertools.test_cpptraj_density.TestCpptrajDensityComplex" name="test_cpptraj_density" time="0.375" /><testcase classname="biobb_mem.test.unitests.test_fatslim.test_fatslim_apl.TestFatslimAPLcDefault" name="test_fatslim_apl" time="12.941" /><testcase classname="biobb_mem.test.unitests.test_fatslim.test_fatslim_membranes.TestFatslimMembranescDefault" name="test_fatslim_membranes" time="3.466" /><testcase classname="biobb_mem.test.unitests.test_gromacs.test_gmx_order.TestGMXOrder" name="test_gmx_order" time="0.364" /><testcase classname="biobb_mem.test.unitests.test_lipyphilic_biobb.test_lpp_assign_leaflets.TestLipyphilicLeafletsDefault" name="test_lipyphilic_leaflets_default" time="1.397" /><testcase classname="biobb_mem.test.unitests.test_lipyphilic_biobb.test_lpp_flip_flop.TestLipyphilicLeafletsDefault" name="test_lipyphilic_leaflets_default" time="1.235" /><testcase classname="biobb_mem.test.unitests.test_lipyphilic_biobb.test_lpp_zpositions.TestLipyphilicPositionsDefault" name="test_lipyphilic_positons_default" time="1.374" /><testcase classname="biobb_mem.test.unitests.test_mdanalysis_biobb.test_mdanalays_biobb.TestMDAHole" name="test_mda_hole_default" time="15.705" /></testsuite></testsuites>