<?xml version="1.0" encoding="utf-8"?><testsuites><testsuite name="pytest" errors="0" failures="0" skipped="0" tests="7" time="26.384" timestamp="2025-01-10T15:12:39.144806+00:00" hostname="github-actions.vm.mmb.pcb.ub.es"><testcase classname="biobb_mem.test.unitests.test_ambertools.test_cpptraj_density.TestCpptrajDensityDefault" name="test_cpptraj_density" time="0.363" /><testcase classname="biobb_mem.test.unitests.test_ambertools.test_cpptraj_density.TestCpptrajDensityMask" name="test_cpptraj_density" time="0.334" /><testcase classname="biobb_mem.test.unitests.test_ambertools.test_cpptraj_density.TestCpptrajDensityComplex" name="test_cpptraj_density" time="0.318" /><testcase classname="biobb_mem.test.unitests.test_fatslim.test_fatslim_membranes.TestFatslimMembranescDefault" name="test_fatslim_membranes" time="4.445" /><testcase classname="biobb_mem.test.unitests.test_lipyphilic_biobb.test_lpp_assign_leaflets.TestLipyphilicLeafletsDefault" name="test_lipyphilic_leaflets_default" time="1.243" /><testcase classname="biobb_mem.test.unitests.test_lipyphilic_biobb.test_lpp_zpositions.TestLipyphilicPositionsDefault" name="test_lipyphilic_positons_default" time="1.234" /><testcase classname="biobb_mem.test.unitests.test_mdanalysis_biobb.test_mdanalays_biobb.TestMDAHole" name="test_mda_hole_default" time="12.949" /></testsuite></testsuites>