<?xml version="1.0" encoding="utf-8"?><testsuites name="pytest tests"><testsuite name="pytest" errors="0" failures="0" skipped="0" tests="12" time="43.124" timestamp="2025-09-05T09:39:10.636066+00:00" hostname="github-actions.vm.mmb.pcb.ub.es"><testcase classname="biobb_mem.test.unitests.test_ambertools.test_cpptraj_density.TestCpptrajDensityDefault" name="test_cpptraj_density" time="0.302" /><testcase classname="biobb_mem.test.unitests.test_ambertools.test_cpptraj_density.TestCpptrajDensityMask" name="test_cpptraj_density" time="0.280" /><testcase classname="biobb_mem.test.unitests.test_ambertools.test_cpptraj_density.TestCpptrajDensityComplex" name="test_cpptraj_density" time="0.280" /><testcase classname="biobb_mem.test.unitests.test_fatslim.test_fatslim_apl.TestFatslimAPLcDefault" name="test_fatslim_apl" time="16.090" /><testcase classname="biobb_mem.test.unitests.test_fatslim.test_fatslim_membranes.TestFatslimMembranescDefault" name="test_fatslim_membranes" time="2.707" /><testcase classname="biobb_mem.test.unitests.test_gorder.test_gorder_aa.TestGOrderAA" name="test_gorder_aa" time="0.676" /><testcase classname="biobb_mem.test.unitests.test_gorder.test_gorder_cg.TestGOrderCG" name="test_gorder_cg" time="0.332" /><testcase classname="biobb_mem.test.unitests.test_gorder.test_gorder_ua.TestGOrderUA" name="test_gorder_ua" time="5.803" /><testcase classname="biobb_mem.test.unitests.test_lipyphilic_biobb.test_lpp_assign_leaflets.TestLipyphilicLeafletsDefault" name="test_lipyphilic_leaflets_default" time="0.905" /><testcase classname="biobb_mem.test.unitests.test_lipyphilic_biobb.test_lpp_flip_flop.TestLipyphilicLeafletsDefault" name="test_lipyphilic_leaflets_default" time="0.784" /><testcase classname="biobb_mem.test.unitests.test_lipyphilic_biobb.test_lpp_zpositions.TestLipyphilicPositionsDefault" name="test_lipyphilic_positons_default" time="0.922" /><testcase classname="biobb_mem.test.unitests.test_mdanalysis_biobb.test_mdanalays_biobb.TestMDAHole" name="test_mda_hole_default" time="10.235" /></testsuite></testsuites>