<?xml version="1.0" encoding="utf-8"?><testsuites><testsuite name="pytest" errors="0" failures="0" skipped="0" tests="10" time="43.213" timestamp="2025-02-10T11:19:23.655999+00:00" hostname="github-actions.vm.mmb.pcb.ub.es"><testcase classname="biobb_mem.test.unitests.test_ambertools.test_cpptraj_density.TestCpptrajDensityDefault" name="test_cpptraj_density" time="0.368" /><testcase classname="biobb_mem.test.unitests.test_ambertools.test_cpptraj_density.TestCpptrajDensityMask" name="test_cpptraj_density" time="0.338" /><testcase classname="biobb_mem.test.unitests.test_ambertools.test_cpptraj_density.TestCpptrajDensityComplex" name="test_cpptraj_density" time="0.339" /><testcase classname="biobb_mem.test.unitests.test_fatslim.test_fatslim_apl.TestFatslimAPLcDefault" name="test_fatslim_apl" time="11.953" /><testcase classname="biobb_mem.test.unitests.test_fatslim.test_fatslim_membranes.TestFatslimMembranescDefault" name="test_fatslim_membranes" time="3.484" /><testcase classname="biobb_mem.test.unitests.test_gromacs.test_gmx_order.TestGMXOrder" name="test_gmx_order" time="0.356" /><testcase classname="biobb_mem.test.unitests.test_lipyphilic_biobb.test_lpp_assign_leaflets.TestLipyphilicLeafletsDefault" name="test_lipyphilic_leaflets_default" time="1.447" /><testcase classname="biobb_mem.test.unitests.test_lipyphilic_biobb.test_lpp_flip_flop.TestLipyphilicLeafletsDefault" name="test_lipyphilic_leaflets_default" time="1.284" /><testcase classname="biobb_mem.test.unitests.test_lipyphilic_biobb.test_lpp_zpositions.TestLipyphilicPositionsDefault" name="test_lipyphilic_positons_default" time="1.400" /><testcase classname="biobb_mem.test.unitests.test_mdanalysis_biobb.test_mdanalays_biobb.TestMDAHole" name="test_mda_hole_default" time="15.978" /></testsuite></testsuites>