<?xml version="1.0" encoding="utf-8"?><testsuites name="pytest tests"><testsuite name="pytest" errors="0" failures="0" skipped="0" tests="10" time="41.387" timestamp="2025-06-23T16:46:05.696461+00:00" hostname="github-actions.vm.mmb.pcb.ub.es"><testcase classname="biobb_mem.test.unitests.test_ambertools.test_cpptraj_density.TestCpptrajDensityDefault" name="test_cpptraj_density" time="0.380" /><testcase classname="biobb_mem.test.unitests.test_ambertools.test_cpptraj_density.TestCpptrajDensityMask" name="test_cpptraj_density" time="0.347" /><testcase classname="biobb_mem.test.unitests.test_ambertools.test_cpptraj_density.TestCpptrajDensityComplex" name="test_cpptraj_density" time="0.331" /><testcase classname="biobb_mem.test.unitests.test_fatslim.test_fatslim_apl.TestFatslimAPLcDefault" name="test_fatslim_apl" time="13.621" /><testcase classname="biobb_mem.test.unitests.test_fatslim.test_fatslim_membranes.TestFatslimMembranescDefault" name="test_fatslim_membranes" time="3.616" /><testcase classname="biobb_mem.test.unitests.test_gromacs.test_gmx_order.TestGMXOrder" name="test_gmx_order" time="0.351" /><testcase classname="biobb_mem.test.unitests.test_lipyphilic_biobb.test_lpp_assign_leaflets.TestLipyphilicLeafletsDefault" name="test_lipyphilic_leaflets_default" time="1.433" /><testcase classname="biobb_mem.test.unitests.test_lipyphilic_biobb.test_lpp_flip_flop.TestLipyphilicLeafletsDefault" name="test_lipyphilic_leaflets_default" time="1.303" /><testcase classname="biobb_mem.test.unitests.test_lipyphilic_biobb.test_lpp_zpositions.TestLipyphilicPositionsDefault" name="test_lipyphilic_positons_default" time="1.433" /><testcase classname="biobb_mem.test.unitests.test_mdanalysis_biobb.test_mdanalays_biobb.TestMDAHole" name="test_mda_hole_default" time="13.482" /></testsuite></testsuites>