<?xml version="1.0" encoding="utf-8"?><testsuites><testsuite name="pytest" errors="0" failures="0" skipped="0" tests="5" time="9.540" timestamp="2024-11-04T16:09:49.632407+00:00" hostname="biobb-runners"><testcase classname="biobb_mem.test.unitests.test_ambertools.test_cpptraj_density.TestCpptrajDensityDefault" name="test_cpptraj_density" time="0.185" /><testcase classname="biobb_mem.test.unitests.test_ambertools.test_cpptraj_density.TestCpptrajDensityMask" name="test_cpptraj_density" time="1.602" /><testcase classname="biobb_mem.test.unitests.test_ambertools.test_cpptraj_density.TestCpptrajDensityComplex" name="test_cpptraj_density" time="0.175" /><testcase classname="biobb_mem.test.unitests.test_chap.test_chap_run.TestChapDefault" name="test_chap_default" time="5.406" /><testcase classname="biobb_mem.test.unitests.test_lipyphilicBB.test_lipyphilicBB.TestLipyphilicDefault" name="test_lipyphilic_default" time="0.782" /></testsuite></testsuites>